SF:lib/core/models/UserModel.freezed.dart
DA:10,0
DA:11,2
DA:12,2
DA:16,0
DA:19,0
DA:25,0
DA:62,0
DA:68,0
DA:76,0
DA:77,0
DA:78,0
DA:79,0
DA:80,0
DA:81,0
DA:101,0
DA:102,0
DA:104,0
DA:105,0
DA:107,0
DA:115,0
DA:116,0
DA:117,0
DA:118,0
DA:119,0
DA:120,0
DA:127,2
DA:133,0
DA:134,0
DA:135,0
DA:136,0
DA:138,2
DA:139,2
DA:153,0
DA:155,0
DA:158,0
DA:160,0
DA:162,0
DA:163,0
DA:164,0
DA:165,0
DA:166,0
DA:167,0
DA:170,1
DA:173,1
DA:174,2
DA:175,0
DA:176,2
DA:178,0
DA:179,2
DA:180,0
DA:181,2
DA:182,0
DA:183,2
DA:185,0
DA:188,0
DA:190,0
DA:191,0
DA:192,0
DA:193,0
DA:194,0
DA:195,0
DA:197,0
DA:199,0
DA:201,2
DA:203,2
LF:65
LH:14
end_of_record
SF:lib/core/models/UserModel.dart
DA:17,2
DA:18,2
DA:21,9
LF:3
LH:3
end_of_record
SF:lib/core/models/UserModel.g.dart
DA:9,2
DA:10,2
DA:11,2
DA:12,2
DA:13,2
DA:14,4
DA:15,2
DA:19,2
DA:20,2
DA:21,2
DA:22,2
DA:23,2
DA:24,4
DA:25,2
DA:28,2
DA:34,0
DA:35,0
DA:38,2
DA:39,8
DA:40,2
DA:43,0
DA:44,0
DA:49,2
DA:57,2
LF:24
LH:20
end_of_record
SF:lib/core/utils/mock_data.dart
DA:3,0
LF:1
LH:0
end_of_record
SF:lib/core/services/reff_shared_preferences.dart
DA:9,2
DA:10,4
DA:12,2
DA:13,2
DA:15,3
DA:16,2
DA:17,1
DA:19,6
DA:23,1
DA:24,2
DA:25,1
DA:26,2
DA:27,3
DA:31,3
DA:33,1
DA:34,3
DA:35,2
LF:17
LH:17
end_of_record
SF:lib/core/utils/locator.dart
DA:9,6
DA:11,2
DA:12,6
DA:13,6
DA:15,4
DA:16,0
DA:17,0
DA:19,4
DA:20,0
DA:21,0
DA:26,6
LF:11
LH:7
end_of_record
SF:lib/core/models/AnswerModel.freezed.dart
DA:10,0
DA:11,0
DA:12,0
DA:16,0
DA:19,0
DA:23,0
DA:53,0
DA:59,0
DA:65,0
DA:66,0
DA:67,0
DA:68,0
DA:84,0
DA:86,0
DA:88,0
DA:89,0
DA:91,0
DA:97,0
DA:98,0
DA:99,0
DA:100,0
DA:107,0
DA:109,0
DA:111,0
DA:112,0
DA:123,0
DA:125,0
DA:128,0
DA:131,0
DA:132,0
DA:133,0
DA:134,0
DA:136,0
DA:137,0
DA:139,0
DA:142,0
DA:144,0
DA:145,0
DA:146,0
DA:147,0
DA:149,0
DA:151,0
DA:153,0
DA:155,0
LF:44
LH:0
end_of_record
SF:lib/core/models/AnswerModel.dart
DA:15,0
DA:16,0
LF:2
LH:0
end_of_record
SF:lib/core/models/AnswerModel.g.dart
DA:9,0
DA:10,0
DA:11,0
DA:12,0
DA:13,0
DA:17,0
DA:18,0
DA:19,0
DA:20,0
DA:21,0
LF:10
LH:0
end_of_record
SF:lib/core/models/QuestionModel.freezed.dart
DA:10,0
DA:11,0
DA:12,0
DA:16,0
DA:19,0
DA:26,0
DA:70,0
DA:76,0
DA:85,0
DA:86,0
DA:87,0
DA:88,0
DA:89,0
DA:90,0
DA:92,0
DA:115,0
DA:117,0
DA:119,0
DA:120,0
DA:122,0
DA:131,0
DA:132,0
DA:133,0
DA:134,0
DA:135,0
DA:136,0
DA:138,0
DA:145,0
DA:152,0
DA:154,0
DA:155,0
DA:173,0
DA:175,0
DA:178,0
DA:181,0
DA:182,0
DA:183,0
DA:184,0
DA:185,0
DA:186,0
DA:188,0
DA:189,0
DA:191,0
DA:192,0
DA:194,0
DA:195,0
DA:197,0
DA:200,0
DA:202,0
DA:203,0
DA:204,0
DA:205,0
DA:206,0
DA:207,0
DA:208,0
DA:210,0
DA:212,0
DA:214,0
DA:216,0
LF:59
LH:0
end_of_record
SF:lib/core/models/QuestionModel.dart
DA:17,0
DA:18,0
LF:2
LH:0
end_of_record
SF:lib/core/models/QuestionModel.g.dart
DA:9,0
DA:10,0
DA:11,0
DA:12,0
DA:13,0
DA:14,0
DA:15,0
DA:16,0
DA:18,0
DA:22,0
DA:23,0
DA:24,0
DA:25,0
DA:26,0
DA:27,0
DA:28,0
DA:29,0
LF:17
LH:0
end_of_record
SF:lib/core/models/VoteModel.freezed.dart
DA:10,0
DA:11,0
DA:12,0
DA:16,0
DA:19,0
DA:24,0
DA:55,0
DA:61,0
DA:68,0
DA:69,0
DA:70,0
DA:72,0
DA:73,0
DA:89,0
DA:91,0
DA:93,0
DA:94,0
DA:96,0
DA:103,0
DA:104,0
DA:105,0
DA:107,0
DA:108,0
DA:115,0
DA:120,0
DA:121,0
DA:122,0
DA:124,0
DA:125,0
DA:137,0
DA:139,0
DA:142,0
DA:145,0
DA:146,0
DA:147,0
DA:148,0
DA:149,0
DA:150,0
DA:152,0
DA:153,0
DA:155,0
DA:158,0
DA:160,0
DA:161,0
DA:162,0
DA:163,0
DA:164,0
DA:166,0
DA:168,0
DA:170,0
DA:172,0
LF:51
LH:0
end_of_record
SF:lib/core/models/VoteModel.dart
DA:15,0
DA:16,0
LF:2
LH:0
end_of_record
SF:lib/core/models/VoteModel.g.dart
DA:9,0
DA:10,0
DA:11,0
DA:12,0
DA:13,0
DA:14,0
DA:18,0
DA:19,0
DA:20,0
DA:21,0
DA:22,0
DA:23,0
LF:12
LH:0
end_of_record
SF:lib/core/providers/question_provider.dart
DA:11,0
DA:13,0
DA:14,0
LF:3
LH:0
end_of_record
SF:lib/core/services/mock_api.dart
DA:17,4
DA:20,1
DA:21,2
DA:22,1
DA:25,0
DA:26,0
DA:28,0
DA:29,0
DA:30,0
DA:34,0
DA:35,0
DA:37,0
DA:41,0
DA:42,0
DA:46,0
DA:47,0
DA:48,0
DA:49,0
LF:18
LH:4
end_of_record
SF:lib/core/providers/user_provider.dart
DA:11,0
DA:13,0
DA:14,0
DA:15,0
DA:16,0
LF:5
LH:0
end_of_record
